The system is: Linux - 5.4.0-91-generic - x86_64
Compiling the C compiler identification source file "CMakeCCompilerId.c" succeeded.
Compiler: /usr/bin/cc 
Build flags: 
Id flags:  

The output was:
0


Compilation of the C compiler identification source "CMakeCCompilerId.c" produced "a.out"

The C compiler identification is GNU, found in "/home/adblock/adblock-dev/YT-ab-back/utility/tmp/libressl-3.0.2/build/CMakeFiles/3.16.3/CompilerIdC/a.out"

Checking whether the ASM compiler is GNU using "--version" matched "(GNU assembler)|(GCC)|(Free Software Foundation)":
cc (Ubuntu 9.3.0-17ubuntu1~20.04) 9.3.0
Copyright (C) 2019 Free Software Foundation, Inc.
This is free software; see the source for copying conditions.  There is NO
warranty; not even for MERCHANTABILITY or FITNESS FOR A PARTICULAR PURPOSE.

Determining if the C compiler works passed with the following output:
Change Dir: /home/adblock/adblock-dev/YT-ab-back/utility/tmp/libressl-3.0.2/build/CMakeFiles/CMakeTmp

Run Build Command(s):/usr/bin/make cmTC_1e668/fast && /usr/bin/make -f CMakeFiles/cmTC_1e668.dir/build.make CMakeFiles/cmTC_1e668.dir/build
make[1]: Entering directory '/home/adblock/adblock-dev/YT-ab-back/utility/tmp/libressl-3.0.2/build/CMakeFiles/CMakeTmp'
Building C object CMakeFiles/cmTC_1e668.dir/testCCompiler.c.o
/usr/bin/cc    -o CMakeFiles/cmTC_1e668.dir/testCCompiler.c.o   -c /home/adblock/adblock-dev/YT-ab-back/utility/tmp/libressl-3.0.2/build/CMakeFiles/CMakeTmp/testCCompiler.c
Linking C executable cmTC_1e668
/usr/bin/cmake -E cmake_link_script CMakeFiles/cmTC_1e668.dir/link.txt --verbose=1
/usr/bin/cc      -rdynamic CMakeFiles/cmTC_1e668.dir/testCCompiler.c.o  -o cmTC_1e668 
make[1]: Leaving directory '/home/adblock/adblock-dev/YT-ab-back/utility/tmp/libressl-3.0.2/build/CMakeFiles/CMakeTmp'



Detecting C compiler ABI info compiled with the following output:
Change Dir: /home/adblock/adblock-dev/YT-ab-back/utility/tmp/libressl-3.0.2/build/CMakeFiles/CMakeTmp

Run Build Command(s):/usr/bin/make cmTC_50bb2/fast && /usr/bin/make -f CMakeFiles/cmTC_50bb2.dir/build.make CMakeFiles/cmTC_50bb2.dir/build
make[1]: Entering directory '/home/adblock/adblock-dev/YT-ab-back/utility/tmp/libressl-3.0.2/build/CMakeFiles/CMakeTmp'
Building C object CMakeFiles/cmTC_50bb2.dir/CMakeCCompilerABI.c.o
/usr/bin/cc   -v -o CMakeFiles/cmTC_50bb2.dir/CMakeCCompilerABI.c.o   -c /usr/share/cmake-3.16/Modules/CMakeCCompilerABI.c
Using built-in specs.
COLLECT_GCC=/usr/bin/cc
OFFLOAD_TARGET_NAMES=nvptx-none:hsa
OFFLOAD_TARGET_DEFAULT=1
Target: x86_64-linux-gnu
Configured with: ../src/configure -v --with-pkgversion='Ubuntu 9.3.0-17ubuntu1~20.04' --with-bugurl=file:///usr/share/doc/gcc-9/README.Bugs --enable-languages=c,ada,c++,go,brig,d,fortran,objc,obj-c++,gm2 --prefix=/usr --with-gcc-major-version-only --program-suffix=-9 --program-prefix=x86_64-linux-gnu- --enable-shared --enable-linker-build-id --libexecdir=/usr/lib --without-included-gettext --enable-threads=posix --libdir=/usr/lib --enable-nls --enable-clocale=gnu --enable-libstdcxx-debug --enable-libstdcxx-time=yes --with-default-libstdcxx-abi=new --enable-gnu-unique-object --disable-vtable-verify --enable-plugin --enable-default-pie --with-system-zlib --with-target-system-zlib=auto --enable-objc-gc=auto --enable-multiarch --disable-werror --with-arch-32=i686 --with-abi=m64 --with-multilib-list=m32,m64,mx32 --enable-multilib --with-tune=generic --enable-offload-targets=nvptx-none=/build/gcc-9-HskZEa/gcc-9-9.3.0/debian/tmp-nvptx/usr,hsa --without-cuda-driver --enable-checking=release --build=x86_64-linux-gnu --host=x86_64-linux-gnu --target=x86_64-linux-gnu
Thread model: posix
gcc version 9.3.0 (Ubuntu 9.3.0-17ubuntu1~20.04) 
COLLECT_GCC_OPTIONS='-v' '-o' 'CMakeFiles/cmTC_50bb2.dir/CMakeCCompilerABI.c.o' '-c' '-mtune=generic' '-march=x86-64'
 /usr/lib/gcc/x86_64-linux-gnu/9/cc1 -quiet -v -imultiarch x86_64-linux-gnu /usr/share/cmake-3.16/Modules/CMakeCCompilerABI.c -quiet -dumpbase CMakeCCompilerABI.c -mtune=generic -march=x86-64 -auxbase-strip CMakeFiles/cmTC_50bb2.dir/CMakeCCompilerABI.c.o -version -fasynchronous-unwind-tables -fstack-protector-strong -Wformat -Wformat-security -fstack-clash-protection -fcf-protection -o /tmp/cc1nbyOn.s
GNU C17 (Ubuntu 9.3.0-17ubuntu1~20.04) version 9.3.0 (x86_64-linux-gnu)
	compiled by GNU C version 9.3.0, GMP version 6.2.0, MPFR version 4.0.2, MPC version 1.1.0, isl version isl-0.22.1-GMP

GGC heuristics: --param ggc-min-expand=100 --param ggc-min-heapsize=131072
ignoring nonexistent directory "/usr/local/include/x86_64-linux-gnu"
ignoring nonexistent directory "/usr/lib/gcc/x86_64-linux-gnu/9/include-fixed"
ignoring nonexistent directory "/usr/lib/gcc/x86_64-linux-gnu/9/../../../../x86_64-linux-gnu/include"
#include "..." search starts here:
#include <...> search starts here:
 /usr/lib/gcc/x86_64-linux-gnu/9/include
 /usr/local/include
 /usr/include/x86_64-linux-gnu
 /usr/include
End of search list.
GNU C17 (Ubuntu 9.3.0-17ubuntu1~20.04) version 9.3.0 (x86_64-linux-gnu)
	compiled by GNU C version 9.3.0, GMP version 6.2.0, MPFR version 4.0.2, MPC version 1.1.0, isl version isl-0.22.1-GMP

GGC heuristics: --param ggc-min-expand=100 --param ggc-min-heapsize=131072
Compiler executable checksum: bbf13931d8de1abe14040c9909cb6969
COLLECT_GCC_OPTIONS='-v' '-o' 'CMakeFiles/cmTC_50bb2.dir/CMakeCCompilerABI.c.o' '-c' '-mtune=generic' '-march=x86-64'
 as -v --64 -o CMakeFiles/cmTC_50bb2.dir/CMakeCCompilerABI.c.o /tmp/cc1nbyOn.s
GNU assembler version 2.34 (x86_64-linux-gnu) using BFD version (GNU Binutils for Ubuntu) 2.34
COMPILER_PATH=/usr/lib/gcc/x86_64-linux-gnu/9/:/usr/lib/gcc/x86_64-linux-gnu/9/:/usr/lib/gcc/x86_64-linux-gnu/:/usr/lib/gcc/x86_64-linux-gnu/9/:/usr/lib/gcc/x86_64-linux-gnu/
LIBRARY_PATH=/usr/lib/gcc/x86_64-linux-gnu/9/:/usr/lib/gcc/x86_64-linux-gnu/9/../../../x86_64-linux-gnu/:/usr/lib/gcc/x86_64-linux-gnu/9/../../../../lib/:/lib/x86_64-linux-gnu/:/lib/../lib/:/usr/lib/x86_64-linux-gnu/:/usr/lib/../lib/:/usr/lib/gcc/x86_64-linux-gnu/9/../../../:/lib/:/usr/lib/
COLLECT_GCC_OPTIONS='-v' '-o' 'CMakeFiles/cmTC_50bb2.dir/CMakeCCompilerABI.c.o' '-c' '-mtune=generic' '-march=x86-64'
Linking C executable cmTC_50bb2
/usr/bin/cmake -E cmake_link_script CMakeFiles/cmTC_50bb2.dir/link.txt --verbose=1
/usr/bin/cc     -v -rdynamic CMakeFiles/cmTC_50bb2.dir/CMakeCCompilerABI.c.o  -o cmTC_50bb2 
Using built-in specs.
COLLECT_GCC=/usr/bin/cc
COLLECT_LTO_WRAPPER=/usr/lib/gcc/x86_64-linux-gnu/9/lto-wrapper
OFFLOAD_TARGET_NAMES=nvptx-none:hsa
OFFLOAD_TARGET_DEFAULT=1
Target: x86_64-linux-gnu
Configured with: ../src/configure -v --with-pkgversion='Ubuntu 9.3.0-17ubuntu1~20.04' --with-bugurl=file:///usr/share/doc/gcc-9/README.Bugs --enable-languages=c,ada,c++,go,brig,d,fortran,objc,obj-c++,gm2 --prefix=/usr --with-gcc-major-version-only --program-suffix=-9 --program-prefix=x86_64-linux-gnu- --enable-shared --enable-linker-build-id --libexecdir=/usr/lib --without-included-gettext --enable-threads=posix --libdir=/usr/lib --enable-nls --enable-clocale=gnu --enable-libstdcxx-debug --enable-libstdcxx-time=yes --with-default-libstdcxx-abi=new --enable-gnu-unique-object --disable-vtable-verify --enable-plugin --enable-default-pie --with-system-zlib --with-target-system-zlib=auto --enable-objc-gc=auto --enable-multiarch --disable-werror --with-arch-32=i686 --with-abi=m64 --with-multilib-list=m32,m64,mx32 --enable-multilib --with-tune=generic --enable-offload-targets=nvptx-none=/build/gcc-9-HskZEa/gcc-9-9.3.0/debian/tmp-nvptx/usr,hsa --without-cuda-driver --enable-checking=release --build=x86_64-linux-gnu --host=x86_64-linux-gnu --target=x86_64-linux-gnu
Thread model: posix
gcc version 9.3.0 (Ubuntu 9.3.0-17ubuntu1~20.04) 
COMPILER_PATH=/usr/lib/gcc/x86_64-linux-gnu/9/:/usr/lib/gcc/x86_64-linux-gnu/9/:/usr/lib/gcc/x86_64-linux-gnu/:/usr/lib/gcc/x86_64-linux-gnu/9/:/usr/lib/gcc/x86_64-linux-gnu/
LIBRARY_PATH=/usr/lib/gcc/x86_64-linux-gnu/9/:/usr/lib/gcc/x86_64-linux-gnu/9/../../../x86_64-linux-gnu/:/usr/lib/gcc/x86_64-linux-gnu/9/../../../../lib/:/lib/x86_64-linux-gnu/:/lib/../lib/:/usr/lib/x86_64-linux-gnu/:/usr/lib/../lib/:/usr/lib/gcc/x86_64-linux-gnu/9/../../../:/lib/:/usr/lib/
COLLECT_GCC_OPTIONS='-v' '-rdynamic' '-o' 'cmTC_50bb2' '-mtune=generic' '-march=x86-64'
 /usr/lib/gcc/x86_64-linux-gnu/9/collect2 -plugin /usr/lib/gcc/x86_64-linux-gnu/9/liblto_plugin.so -plugin-opt=/usr/lib/gcc/x86_64-linux-gnu/9/lto-wrapper -plugin-opt=-fresolution=/tmp/ccvKxbNN.res -plugin-opt=-pass-through=-lgcc -plugin-opt=-pass-through=-lgcc_s -plugin-opt=-pass-through=-lc -plugin-opt=-pass-through=-lgcc -plugin-opt=-pass-through=-lgcc_s --build-id --eh-frame-hdr -m elf_x86_64 --hash-style=gnu --as-needed -export-dynamic -dynamic-linker /lib64/ld-linux-x86-64.so.2 -pie -z now -z relro -o cmTC_50bb2 /usr/lib/gcc/x86_64-linux-gnu/9/../../../x86_64-linux-gnu/Scrt1.o /usr/lib/gcc/x86_64-linux-gnu/9/../../../x86_64-linux-gnu/crti.o /usr/lib/gcc/x86_64-linux-gnu/9/crtbeginS.o -L/usr/lib/gcc/x86_64-linux-gnu/9 -L/usr/lib/gcc/x86_64-linux-gnu/9/../../../x86_64-linux-gnu -L/usr/lib/gcc/x86_64-linux-gnu/9/../../../../lib -L/lib/x86_64-linux-gnu -L/lib/../lib -L/usr/lib/x86_64-linux-gnu -L/usr/lib/../lib -L/usr/lib/gcc/x86_64-linux-gnu/9/../../.. CMakeFiles/cmTC_50bb2.dir/CMakeCCompilerABI.c.o -lgcc --push-state --as-needed -lgcc_s --pop-state -lc -lgcc --push-state --as-needed -lgcc_s --pop-state /usr/lib/gcc/x86_64-linux-gnu/9/crtendS.o /usr/lib/gcc/x86_64-linux-gnu/9/../../../x86_64-linux-gnu/crtn.o
COLLECT_GCC_OPTIONS='-v' '-rdynamic' '-o' 'cmTC_50bb2' '-mtune=generic' '-march=x86-64'
make[1]: Leaving directory '/home/adblock/adblock-dev/YT-ab-back/utility/tmp/libressl-3.0.2/build/CMakeFiles/CMakeTmp'



Parsed C implicit include dir info from above output: rv=done
  found start of include info
  found start of implicit include info
    add: [/usr/lib/gcc/x86_64-linux-gnu/9/include]
    add: [/usr/local/include]
    add: [/usr/include/x86_64-linux-gnu]
    add: [/usr/include]
  end of search list found
  collapse include dir [/usr/lib/gcc/x86_64-linux-gnu/9/include] ==> [/usr/lib/gcc/x86_64-linux-gnu/9/include]
  collapse include dir [/usr/local/include] ==> [/usr/local/include]
  collapse include dir [/usr/include/x86_64-linux-gnu] ==> [/usr/include/x86_64-linux-gnu]
  collapse include dir [/usr/include] ==> [/usr/include]
  implicit include dirs: [/usr/lib/gcc/x86_64-linux-gnu/9/include;/usr/local/include;/usr/include/x86_64-linux-gnu;/usr/include]


Parsed C implicit link information from above output:
  link line regex: [^( *|.*[/\])(ld|CMAKE_LINK_STARTFILE-NOTFOUND|([^/\]+-)?ld|collect2)[^/\]*( |$)]
  ignore line: [Change Dir: /home/adblock/adblock-dev/YT-ab-back/utility/tmp/libressl-3.0.2/build/CMakeFiles/CMakeTmp]
  ignore line: []
  ignore line: [Run Build Command(s):/usr/bin/make cmTC_50bb2/fast && /usr/bin/make -f CMakeFiles/cmTC_50bb2.dir/build.make CMakeFiles/cmTC_50bb2.dir/build]
  ignore line: [make[1]: Entering directory '/home/adblock/adblock-dev/YT-ab-back/utility/tmp/libressl-3.0.2/build/CMakeFiles/CMakeTmp']
  ignore line: [Building C object CMakeFiles/cmTC_50bb2.dir/CMakeCCompilerABI.c.o]
  ignore line: [/usr/bin/cc   -v -o CMakeFiles/cmTC_50bb2.dir/CMakeCCompilerABI.c.o   -c /usr/share/cmake-3.16/Modules/CMakeCCompilerABI.c]
  ignore line: [Using built-in specs.]
  ignore line: [COLLECT_GCC=/usr/bin/cc]
  ignore line: [OFFLOAD_TARGET_NAMES=nvptx-none:hsa]
  ignore line: [OFFLOAD_TARGET_DEFAULT=1]
  ignore line: [Target: x86_64-linux-gnu]
  ignore line: [Configured with: ../src/configure -v --with-pkgversion='Ubuntu 9.3.0-17ubuntu1~20.04' --with-bugurl=file:///usr/share/doc/gcc-9/README.Bugs --enable-languages=c ada c++ go brig d fortran objc obj-c++ gm2 --prefix=/usr --with-gcc-major-version-only --program-suffix=-9 --program-prefix=x86_64-linux-gnu- --enable-shared --enable-linker-build-id --libexecdir=/usr/lib --without-included-gettext --enable-threads=posix --libdir=/usr/lib --enable-nls --enable-clocale=gnu --enable-libstdcxx-debug --enable-libstdcxx-time=yes --with-default-libstdcxx-abi=new --enable-gnu-unique-object --disable-vtable-verify --enable-plugin --enable-default-pie --with-system-zlib --with-target-system-zlib=auto --enable-objc-gc=auto --enable-multiarch --disable-werror --with-arch-32=i686 --with-abi=m64 --with-multilib-list=m32 m64 mx32 --enable-multilib --with-tune=generic --enable-offload-targets=nvptx-none=/build/gcc-9-HskZEa/gcc-9-9.3.0/debian/tmp-nvptx/usr hsa --without-cuda-driver --enable-checking=release --build=x86_64-linux-gnu --host=x86_64-linux-gnu --target=x86_64-linux-gnu]
  ignore line: [Thread model: posix]
  ignore line: [gcc version 9.3.0 (Ubuntu 9.3.0-17ubuntu1~20.04) ]
  ignore line: [COLLECT_GCC_OPTIONS='-v' '-o' 'CMakeFiles/cmTC_50bb2.dir/CMakeCCompilerABI.c.o' '-c' '-mtune=generic' '-march=x86-64']
  ignore line: [ /usr/lib/gcc/x86_64-linux-gnu/9/cc1 -quiet -v -imultiarch x86_64-linux-gnu /usr/share/cmake-3.16/Modules/CMakeCCompilerABI.c -quiet -dumpbase CMakeCCompilerABI.c -mtune=generic -march=x86-64 -auxbase-strip CMakeFiles/cmTC_50bb2.dir/CMakeCCompilerABI.c.o -version -fasynchronous-unwind-tables -fstack-protector-strong -Wformat -Wformat-security -fstack-clash-protection -fcf-protection -o /tmp/cc1nbyOn.s]
  ignore line: [GNU C17 (Ubuntu 9.3.0-17ubuntu1~20.04) version 9.3.0 (x86_64-linux-gnu)]
  ignore line: [	compiled by GNU C version 9.3.0  GMP version 6.2.0  MPFR version 4.0.2  MPC version 1.1.0  isl version isl-0.22.1-GMP]
  ignore line: []
  ignore line: [GGC heuristics: --param ggc-min-expand=100 --param ggc-min-heapsize=131072]
  ignore line: [ignoring nonexistent directory "/usr/local/include/x86_64-linux-gnu"]
  ignore line: [ignoring nonexistent directory "/usr/lib/gcc/x86_64-linux-gnu/9/include-fixed"]
  ignore line: [ignoring nonexistent directory "/usr/lib/gcc/x86_64-linux-gnu/9/../../../../x86_64-linux-gnu/include"]
  ignore line: [#include "..." search starts here:]
  ignore line: [#include <...> search starts here:]
  ignore line: [ /usr/lib/gcc/x86_64-linux-gnu/9/include]
  ignore line: [ /usr/local/include]
  ignore line: [ /usr/include/x86_64-linux-gnu]
  ignore line: [ /usr/include]
  ignore line: [End of search list.]
  ignore line: [GNU C17 (Ubuntu 9.3.0-17ubuntu1~20.04) version 9.3.0 (x86_64-linux-gnu)]
  ignore line: [	compiled by GNU C version 9.3.0  GMP version 6.2.0  MPFR version 4.0.2  MPC version 1.1.0  isl version isl-0.22.1-GMP]
  ignore line: []
  ignore line: [GGC heuristics: --param ggc-min-expand=100 --param ggc-min-heapsize=131072]
  ignore line: [Compiler executable checksum: bbf13931d8de1abe14040c9909cb6969]
  ignore line: [COLLECT_GCC_OPTIONS='-v' '-o' 'CMakeFiles/cmTC_50bb2.dir/CMakeCCompilerABI.c.o' '-c' '-mtune=generic' '-march=x86-64']
  ignore line: [ as -v --64 -o CMakeFiles/cmTC_50bb2.dir/CMakeCCompilerABI.c.o /tmp/cc1nbyOn.s]
  ignore line: [GNU assembler version 2.34 (x86_64-linux-gnu) using BFD version (GNU Binutils for Ubuntu) 2.34]
  ignore line: [COMPILER_PATH=/usr/lib/gcc/x86_64-linux-gnu/9/:/usr/lib/gcc/x86_64-linux-gnu/9/:/usr/lib/gcc/x86_64-linux-gnu/:/usr/lib/gcc/x86_64-linux-gnu/9/:/usr/lib/gcc/x86_64-linux-gnu/]
  ignore line: [LIBRARY_PATH=/usr/lib/gcc/x86_64-linux-gnu/9/:/usr/lib/gcc/x86_64-linux-gnu/9/../../../x86_64-linux-gnu/:/usr/lib/gcc/x86_64-linux-gnu/9/../../../../lib/:/lib/x86_64-linux-gnu/:/lib/../lib/:/usr/lib/x86_64-linux-gnu/:/usr/lib/../lib/:/usr/lib/gcc/x86_64-linux-gnu/9/../../../:/lib/:/usr/lib/]
  ignore line: [COLLECT_GCC_OPTIONS='-v' '-o' 'CMakeFiles/cmTC_50bb2.dir/CMakeCCompilerABI.c.o' '-c' '-mtune=generic' '-march=x86-64']
  ignore line: [Linking C executable cmTC_50bb2]
  ignore line: [/usr/bin/cmake -E cmake_link_script CMakeFiles/cmTC_50bb2.dir/link.txt --verbose=1]
  ignore line: [/usr/bin/cc     -v -rdynamic CMakeFiles/cmTC_50bb2.dir/CMakeCCompilerABI.c.o  -o cmTC_50bb2 ]
  ignore line: [Using built-in specs.]
  ignore line: [COLLECT_GCC=/usr/bin/cc]
  ignore line: [COLLECT_LTO_WRAPPER=/usr/lib/gcc/x86_64-linux-gnu/9/lto-wrapper]
  ignore line: [OFFLOAD_TARGET_NAMES=nvptx-none:hsa]
  ignore line: [OFFLOAD_TARGET_DEFAULT=1]
  ignore line: [Target: x86_64-linux-gnu]
  ignore line: [Configured with: ../src/configure -v --with-pkgversion='Ubuntu 9.3.0-17ubuntu1~20.04' --with-bugurl=file:///usr/share/doc/gcc-9/README.Bugs --enable-languages=c ada c++ go brig d fortran objc obj-c++ gm2 --prefix=/usr --with-gcc-major-version-only --program-suffix=-9 --program-prefix=x86_64-linux-gnu- --enable-shared --enable-linker-build-id --libexecdir=/usr/lib --without-included-gettext --enable-threads=posix --libdir=/usr/lib --enable-nls --enable-clocale=gnu --enable-libstdcxx-debug --enable-libstdcxx-time=yes --with-default-libstdcxx-abi=new --enable-gnu-unique-object --disable-vtable-verify --enable-plugin --enable-default-pie --with-system-zlib --with-target-system-zlib=auto --enable-objc-gc=auto --enable-multiarch --disable-werror --with-arch-32=i686 --with-abi=m64 --with-multilib-list=m32 m64 mx32 --enable-multilib --with-tune=generic --enable-offload-targets=nvptx-none=/build/gcc-9-HskZEa/gcc-9-9.3.0/debian/tmp-nvptx/usr hsa --without-cuda-driver --enable-checking=release --build=x86_64-linux-gnu --host=x86_64-linux-gnu --target=x86_64-linux-gnu]
  ignore line: [Thread model: posix]
  ignore line: [gcc version 9.3.0 (Ubuntu 9.3.0-17ubuntu1~20.04) ]
  ignore line: [COMPILER_PATH=/usr/lib/gcc/x86_64-linux-gnu/9/:/usr/lib/gcc/x86_64-linux-gnu/9/:/usr/lib/gcc/x86_64-linux-gnu/:/usr/lib/gcc/x86_64-linux-gnu/9/:/usr/lib/gcc/x86_64-linux-gnu/]
  ignore line: [LIBRARY_PATH=/usr/lib/gcc/x86_64-linux-gnu/9/:/usr/lib/gcc/x86_64-linux-gnu/9/../../../x86_64-linux-gnu/:/usr/lib/gcc/x86_64-linux-gnu/9/../../../../lib/:/lib/x86_64-linux-gnu/:/lib/../lib/:/usr/lib/x86_64-linux-gnu/:/usr/lib/../lib/:/usr/lib/gcc/x86_64-linux-gnu/9/../../../:/lib/:/usr/lib/]
  ignore line: [COLLECT_GCC_OPTIONS='-v' '-rdynamic' '-o' 'cmTC_50bb2' '-mtune=generic' '-march=x86-64']
  link line: [ /usr/lib/gcc/x86_64-linux-gnu/9/collect2 -plugin /usr/lib/gcc/x86_64-linux-gnu/9/liblto_plugin.so -plugin-opt=/usr/lib/gcc/x86_64-linux-gnu/9/lto-wrapper -plugin-opt=-fresolution=/tmp/ccvKxbNN.res -plugin-opt=-pass-through=-lgcc -plugin-opt=-pass-through=-lgcc_s -plugin-opt=-pass-through=-lc -plugin-opt=-pass-through=-lgcc -plugin-opt=-pass-through=-lgcc_s --build-id --eh-frame-hdr -m elf_x86_64 --hash-style=gnu --as-needed -export-dynamic -dynamic-linker /lib64/ld-linux-x86-64.so.2 -pie -z now -z relro -o cmTC_50bb2 /usr/lib/gcc/x86_64-linux-gnu/9/../../../x86_64-linux-gnu/Scrt1.o /usr/lib/gcc/x86_64-linux-gnu/9/../../../x86_64-linux-gnu/crti.o /usr/lib/gcc/x86_64-linux-gnu/9/crtbeginS.o -L/usr/lib/gcc/x86_64-linux-gnu/9 -L/usr/lib/gcc/x86_64-linux-gnu/9/../../../x86_64-linux-gnu -L/usr/lib/gcc/x86_64-linux-gnu/9/../../../../lib -L/lib/x86_64-linux-gnu -L/lib/../lib -L/usr/lib/x86_64-linux-gnu -L/usr/lib/../lib -L/usr/lib/gcc/x86_64-linux-gnu/9/../../.. CMakeFiles/cmTC_50bb2.dir/CMakeCCompilerABI.c.o -lgcc --push-state --as-needed -lgcc_s --pop-state -lc -lgcc --push-state --as-needed -lgcc_s --pop-state /usr/lib/gcc/x86_64-linux-gnu/9/crtendS.o /usr/lib/gcc/x86_64-linux-gnu/9/../../../x86_64-linux-gnu/crtn.o]
    arg [/usr/lib/gcc/x86_64-linux-gnu/9/collect2] ==> ignore
    arg [-plugin] ==> ignore
    arg [/usr/lib/gcc/x86_64-linux-gnu/9/liblto_plugin.so] ==> ignore
    arg [-plugin-opt=/usr/lib/gcc/x86_64-linux-gnu/9/lto-wrapper] ==> ignore
    arg [-plugin-opt=-fresolution=/tmp/ccvKxbNN.res] ==> ignore
    arg [-plugin-opt=-pass-through=-lgcc] ==> ignore
    arg [-plugin-opt=-pass-through=-lgcc_s] ==> ignore
    arg [-plugin-opt=-pass-through=-lc] ==> ignore
    arg [-plugin-opt=-pass-through=-lgcc] ==> ignore
    arg [-plugin-opt=-pass-through=-lgcc_s] ==> ignore
    arg [--build-id] ==> ignore
    arg [--eh-frame-hdr] ==> ignore
    arg [-m] ==> ignore
    arg [elf_x86_64] ==> ignore
    arg [--hash-style=gnu] ==> ignore
    arg [--as-needed] ==> ignore
    arg [-export-dynamic] ==> ignore
    arg [-dynamic-linker] ==> ignore
    arg [/lib64/ld-linux-x86-64.so.2] ==> ignore
    arg [-pie] ==> ignore
    arg [-znow] ==> ignore
    arg [-zrelro] ==> ignore
    arg [-o] ==> ignore
    arg [cmTC_50bb2] ==> ignore
    arg [/usr/lib/gcc/x86_64-linux-gnu/9/../../../x86_64-linux-gnu/Scrt1.o] ==> ignore
    arg [/usr/lib/gcc/x86_64-linux-gnu/9/../../../x86_64-linux-gnu/crti.o] ==> ignore
    arg [/usr/lib/gcc/x86_64-linux-gnu/9/crtbeginS.o] ==> ignore
    arg [-L/usr/lib/gcc/x86_64-linux-gnu/9] ==> dir [/usr/lib/gcc/x86_64-linux-gnu/9]
    arg [-L/usr/lib/gcc/x86_64-linux-gnu/9/../../../x86_64-linux-gnu] ==> dir [/usr/lib/gcc/x86_64-linux-gnu/9/../../../x86_64-linux-gnu]
    arg [-L/usr/lib/gcc/x86_64-linux-gnu/9/../../../../lib] ==> dir [/usr/lib/gcc/x86_64-linux-gnu/9/../../../../lib]
    arg [-L/lib/x86_64-linux-gnu] ==> dir [/lib/x86_64-linux-gnu]
    arg [-L/lib/../lib] ==> dir [/lib/../lib]
    arg [-L/usr/lib/x86_64-linux-gnu] ==> dir [/usr/lib/x86_64-linux-gnu]
    arg [-L/usr/lib/../lib] ==> dir [/usr/lib/../lib]
    arg [-L/usr/lib/gcc/x86_64-linux-gnu/9/../../..] ==> dir [/usr/lib/gcc/x86_64-linux-gnu/9/../../..]
    arg [CMakeFiles/cmTC_50bb2.dir/CMakeCCompilerABI.c.o] ==> ignore
    arg [-lgcc] ==> lib [gcc]
    arg [--push-state] ==> ignore
    arg [--as-needed] ==> ignore
    arg [-lgcc_s] ==> lib [gcc_s]
    arg [--pop-state] ==> ignore
    arg [-lc] ==> lib [c]
    arg [-lgcc] ==> lib [gcc]
    arg [--push-state] ==> ignore
    arg [--as-needed] ==> ignore
    arg [-lgcc_s] ==> lib [gcc_s]
    arg [--pop-state] ==> ignore
    arg [/usr/lib/gcc/x86_64-linux-gnu/9/crtendS.o] ==> ignore
    arg [/usr/lib/gcc/x86_64-linux-gnu/9/../../../x86_64-linux-gnu/crtn.o] ==> ignore
  collapse library dir [/usr/lib/gcc/x86_64-linux-gnu/9] ==> [/usr/lib/gcc/x86_64-linux-gnu/9]
  collapse library dir [/usr/lib/gcc/x86_64-linux-gnu/9/../../../x86_64-linux-gnu] ==> [/usr/lib/x86_64-linux-gnu]
  collapse library dir [/usr/lib/gcc/x86_64-linux-gnu/9/../../../../lib] ==> [/usr/lib]
  collapse library dir [/lib/x86_64-linux-gnu] ==> [/lib/x86_64-linux-gnu]
  collapse library dir [/lib/../lib] ==> [/lib]
  collapse library dir [/usr/lib/x86_64-linux-gnu] ==> [/usr/lib/x86_64-linux-gnu]
  collapse library dir [/usr/lib/../lib] ==> [/usr/lib]
  collapse library dir [/usr/lib/gcc/x86_64-linux-gnu/9/../../..] ==> [/usr/lib]
  implicit libs: [gcc;gcc_s;c;gcc;gcc_s]
  implicit dirs: [/usr/lib/gcc/x86_64-linux-gnu/9;/usr/lib/x86_64-linux-gnu;/usr/lib;/lib/x86_64-linux-gnu;/lib]
  implicit fwks: []


Determining if the function asprintf exists passed with the following output:
Change Dir: /home/adblock/adblock-dev/YT-ab-back/utility/tmp/libressl-3.0.2/build/CMakeFiles/CMakeTmp

Run Build Command(s):/usr/bin/make cmTC_75802/fast && /usr/bin/make -f CMakeFiles/cmTC_75802.dir/build.make CMakeFiles/cmTC_75802.dir/build
make[1]: Entering directory '/home/adblock/adblock-dev/YT-ab-back/utility/tmp/libressl-3.0.2/build/CMakeFiles/CMakeTmp'
Building C object CMakeFiles/cmTC_75802.dir/CheckFunctionExists.c.o
/usr/bin/cc   -O2 -Wall -DCHECK_FUNCTION_EXISTS=asprintf -fPIE   -o CMakeFiles/cmTC_75802.dir/CheckFunctionExists.c.o   -c /usr/share/cmake-3.16/Modules/CheckFunctionExists.c
Linking C executable cmTC_75802
/usr/bin/cmake -E cmake_link_script CMakeFiles/cmTC_75802.dir/link.txt --verbose=1
/usr/bin/cc  -O2 -Wall -DCHECK_FUNCTION_EXISTS=asprintf    -rdynamic CMakeFiles/cmTC_75802.dir/CheckFunctionExists.c.o  -o cmTC_75802 
make[1]: Leaving directory '/home/adblock/adblock-dev/YT-ab-back/utility/tmp/libressl-3.0.2/build/CMakeFiles/CMakeTmp'



Determining if the function reallocarray exists passed with the following output:
Change Dir: /home/adblock/adblock-dev/YT-ab-back/utility/tmp/libressl-3.0.2/build/CMakeFiles/CMakeTmp

Run Build Command(s):/usr/bin/make cmTC_38725/fast && /usr/bin/make -f CMakeFiles/cmTC_38725.dir/build.make CMakeFiles/cmTC_38725.dir/build
make[1]: Entering directory '/home/adblock/adblock-dev/YT-ab-back/utility/tmp/libressl-3.0.2/build/CMakeFiles/CMakeTmp'
Building C object CMakeFiles/cmTC_38725.dir/CheckFunctionExists.c.o
/usr/bin/cc   -O2 -Wall -DCHECK_FUNCTION_EXISTS=reallocarray -fPIE   -o CMakeFiles/cmTC_38725.dir/CheckFunctionExists.c.o   -c /usr/share/cmake-3.16/Modules/CheckFunctionExists.c
Linking C executable cmTC_38725
/usr/bin/cmake -E cmake_link_script CMakeFiles/cmTC_38725.dir/link.txt --verbose=1
/usr/bin/cc  -O2 -Wall -DCHECK_FUNCTION_EXISTS=reallocarray    -rdynamic CMakeFiles/cmTC_38725.dir/CheckFunctionExists.c.o  -o cmTC_38725 
make[1]: Leaving directory '/home/adblock/adblock-dev/YT-ab-back/utility/tmp/libressl-3.0.2/build/CMakeFiles/CMakeTmp'



Determining if the function strcasecmp exists passed with the following output:
Change Dir: /home/adblock/adblock-dev/YT-ab-back/utility/tmp/libressl-3.0.2/build/CMakeFiles/CMakeTmp

Run Build Command(s):/usr/bin/make cmTC_b92f0/fast && /usr/bin/make -f CMakeFiles/cmTC_b92f0.dir/build.make CMakeFiles/cmTC_b92f0.dir/build
make[1]: Entering directory '/home/adblock/adblock-dev/YT-ab-back/utility/tmp/libressl-3.0.2/build/CMakeFiles/CMakeTmp'
Building C object CMakeFiles/cmTC_b92f0.dir/CheckFunctionExists.c.o
/usr/bin/cc   -O2 -Wall -DCHECK_FUNCTION_EXISTS=strcasecmp -fPIE   -o CMakeFiles/cmTC_b92f0.dir/CheckFunctionExists.c.o   -c /usr/share/cmake-3.16/Modules/CheckFunctionExists.c
<command-line>: warning: conflicting types for built-in function ‘strcasecmp’; expected ‘int(const char *, const char *)’ [-Wbuiltin-declaration-mismatch]
<command-line>: note: in definition of macro ‘CHECK_FUNCTION_EXISTS’
Linking C executable cmTC_b92f0
/usr/bin/cmake -E cmake_link_script CMakeFiles/cmTC_b92f0.dir/link.txt --verbose=1
/usr/bin/cc  -O2 -Wall -DCHECK_FUNCTION_EXISTS=strcasecmp    -rdynamic CMakeFiles/cmTC_b92f0.dir/CheckFunctionExists.c.o  -o cmTC_b92f0 
make[1]: Leaving directory '/home/adblock/adblock-dev/YT-ab-back/utility/tmp/libressl-3.0.2/build/CMakeFiles/CMakeTmp'



Determining if the function strndup exists passed with the following output:
Change Dir: /home/adblock/adblock-dev/YT-ab-back/utility/tmp/libressl-3.0.2/build/CMakeFiles/CMakeTmp

Run Build Command(s):/usr/bin/make cmTC_385df/fast && /usr/bin/make -f CMakeFiles/cmTC_385df.dir/build.make CMakeFiles/cmTC_385df.dir/build
make[1]: Entering directory '/home/adblock/adblock-dev/YT-ab-back/utility/tmp/libressl-3.0.2/build/CMakeFiles/CMakeTmp'
Building C object CMakeFiles/cmTC_385df.dir/CheckFunctionExists.c.o
/usr/bin/cc   -O2 -Wall -DCHECK_FUNCTION_EXISTS=strndup -fPIE   -o CMakeFiles/cmTC_385df.dir/CheckFunctionExists.c.o   -c /usr/share/cmake-3.16/Modules/CheckFunctionExists.c
<command-line>: warning: conflicting types for built-in function ‘strndup’; expected ‘char *(const char *, long unsigned int)’ [-Wbuiltin-declaration-mismatch]
/usr/share/cmake-3.16/Modules/CheckFunctionExists.c:7:3: note: in expansion of macro ‘CHECK_FUNCTION_EXISTS’
    7 |   CHECK_FUNCTION_EXISTS(void);
      |   ^~~~~~~~~~~~~~~~~~~~~
Linking C executable cmTC_385df
/usr/bin/cmake -E cmake_link_script CMakeFiles/cmTC_385df.dir/link.txt --verbose=1
/usr/bin/cc  -O2 -Wall -DCHECK_FUNCTION_EXISTS=strndup    -rdynamic CMakeFiles/cmTC_385df.dir/CheckFunctionExists.c.o  -o cmTC_385df 
make[1]: Leaving directory '/home/adblock/adblock-dev/YT-ab-back/utility/tmp/libressl-3.0.2/build/CMakeFiles/CMakeTmp'



Determining if the function strnlen exists passed with the following output:
Change Dir: /home/adblock/adblock-dev/YT-ab-back/utility/tmp/libressl-3.0.2/build/CMakeFiles/CMakeTmp

Run Build Command(s):/usr/bin/make cmTC_36c9a/fast && /usr/bin/make -f CMakeFiles/cmTC_36c9a.dir/build.make CMakeFiles/cmTC_36c9a.dir/build
make[1]: Entering directory '/home/adblock/adblock-dev/YT-ab-back/utility/tmp/libressl-3.0.2/build/CMakeFiles/CMakeTmp'
Building C object CMakeFiles/cmTC_36c9a.dir/CheckFunctionExists.c.o
/usr/bin/cc   -O2 -Wall -DCHECK_FUNCTION_EXISTS=strnlen -fPIE   -o CMakeFiles/cmTC_36c9a.dir/CheckFunctionExists.c.o   -c /usr/share/cmake-3.16/Modules/CheckFunctionExists.c
<command-line>: warning: conflicting types for built-in function ‘strnlen’; expected ‘long unsigned int(const char *, long unsigned int)’ [-Wbuiltin-declaration-mismatch]
/usr/share/cmake-3.16/Modules/CheckFunctionExists.c:7:3: note: in expansion of macro ‘CHECK_FUNCTION_EXISTS’
    7 |   CHECK_FUNCTION_EXISTS(void);
      |   ^~~~~~~~~~~~~~~~~~~~~
Linking C executable cmTC_36c9a
/usr/bin/cmake -E cmake_link_script CMakeFiles/cmTC_36c9a.dir/link.txt --verbose=1
/usr/bin/cc  -O2 -Wall -DCHECK_FUNCTION_EXISTS=strnlen    -rdynamic CMakeFiles/cmTC_36c9a.dir/CheckFunctionExists.c.o  -o cmTC_36c9a 
make[1]: Leaving directory '/home/adblock/adblock-dev/YT-ab-back/utility/tmp/libressl-3.0.2/build/CMakeFiles/CMakeTmp'



Determining if the function strsep exists passed with the following output:
Change Dir: /home/adblock/adblock-dev/YT-ab-back/utility/tmp/libressl-3.0.2/build/CMakeFiles/CMakeTmp

Run Build Command(s):/usr/bin/make cmTC_4f0bd/fast && /usr/bin/make -f CMakeFiles/cmTC_4f0bd.dir/build.make CMakeFiles/cmTC_4f0bd.dir/build
make[1]: Entering directory '/home/adblock/adblock-dev/YT-ab-back/utility/tmp/libressl-3.0.2/build/CMakeFiles/CMakeTmp'
Building C object CMakeFiles/cmTC_4f0bd.dir/CheckFunctionExists.c.o
/usr/bin/cc   -O2 -Wall -DCHECK_FUNCTION_EXISTS=strsep -fPIE   -o CMakeFiles/cmTC_4f0bd.dir/CheckFunctionExists.c.o   -c /usr/share/cmake-3.16/Modules/CheckFunctionExists.c
Linking C executable cmTC_4f0bd
/usr/bin/cmake -E cmake_link_script CMakeFiles/cmTC_4f0bd.dir/link.txt --verbose=1
/usr/bin/cc  -O2 -Wall -DCHECK_FUNCTION_EXISTS=strsep    -rdynamic CMakeFiles/cmTC_4f0bd.dir/CheckFunctionExists.c.o  -o cmTC_4f0bd 
make[1]: Leaving directory '/home/adblock/adblock-dev/YT-ab-back/utility/tmp/libressl-3.0.2/build/CMakeFiles/CMakeTmp'



Determining if the function timegm exists passed with the following output:
Change Dir: /home/adblock/adblock-dev/YT-ab-back/utility/tmp/libressl-3.0.2/build/CMakeFiles/CMakeTmp

Run Build Command(s):/usr/bin/make cmTC_6e82d/fast && /usr/bin/make -f CMakeFiles/cmTC_6e82d.dir/build.make CMakeFiles/cmTC_6e82d.dir/build
make[1]: Entering directory '/home/adblock/adblock-dev/YT-ab-back/utility/tmp/libressl-3.0.2/build/CMakeFiles/CMakeTmp'
Building C object CMakeFiles/cmTC_6e82d.dir/CheckFunctionExists.c.o
/usr/bin/cc   -O2 -Wall -DCHECK_FUNCTION_EXISTS=timegm -fPIE   -o CMakeFiles/cmTC_6e82d.dir/CheckFunctionExists.c.o   -c /usr/share/cmake-3.16/Modules/CheckFunctionExists.c
Linking C executable cmTC_6e82d
/usr/bin/cmake -E cmake_link_script CMakeFiles/cmTC_6e82d.dir/link.txt --verbose=1
/usr/bin/cc  -O2 -Wall -DCHECK_FUNCTION_EXISTS=timegm    -rdynamic CMakeFiles/cmTC_6e82d.dir/CheckFunctionExists.c.o  -o cmTC_6e82d 
make[1]: Leaving directory '/home/adblock/adblock-dev/YT-ab-back/utility/tmp/libressl-3.0.2/build/CMakeFiles/CMakeTmp'



Determining if the function explicit_bzero exists passed with the following output:
Change Dir: /home/adblock/adblock-dev/YT-ab-back/utility/tmp/libressl-3.0.2/build/CMakeFiles/CMakeTmp

Run Build Command(s):/usr/bin/make cmTC_788d8/fast && /usr/bin/make -f CMakeFiles/cmTC_788d8.dir/build.make CMakeFiles/cmTC_788d8.dir/build
make[1]: Entering directory '/home/adblock/adblock-dev/YT-ab-back/utility/tmp/libressl-3.0.2/build/CMakeFiles/CMakeTmp'
Building C object CMakeFiles/cmTC_788d8.dir/CheckFunctionExists.c.o
/usr/bin/cc   -O2 -Wall -DCHECK_FUNCTION_EXISTS=explicit_bzero -fPIE   -o CMakeFiles/cmTC_788d8.dir/CheckFunctionExists.c.o   -c /usr/share/cmake-3.16/Modules/CheckFunctionExists.c
Linking C executable cmTC_788d8
/usr/bin/cmake -E cmake_link_script CMakeFiles/cmTC_788d8.dir/link.txt --verbose=1
/usr/bin/cc  -O2 -Wall -DCHECK_FUNCTION_EXISTS=explicit_bzero    -rdynamic CMakeFiles/cmTC_788d8.dir/CheckFunctionExists.c.o  -o cmTC_788d8 
make[1]: Leaving directory '/home/adblock/adblock-dev/YT-ab-back/utility/tmp/libressl-3.0.2/build/CMakeFiles/CMakeTmp'



Determining if the function getauxval exists passed with the following output:
Change Dir: /home/adblock/adblock-dev/YT-ab-back/utility/tmp/libressl-3.0.2/build/CMakeFiles/CMakeTmp

Run Build Command(s):/usr/bin/make cmTC_7ce25/fast && /usr/bin/make -f CMakeFiles/cmTC_7ce25.dir/build.make CMakeFiles/cmTC_7ce25.dir/build
make[1]: Entering directory '/home/adblock/adblock-dev/YT-ab-back/utility/tmp/libressl-3.0.2/build/CMakeFiles/CMakeTmp'
Building C object CMakeFiles/cmTC_7ce25.dir/CheckFunctionExists.c.o
/usr/bin/cc   -O2 -Wall -DCHECK_FUNCTION_EXISTS=getauxval -fPIE   -o CMakeFiles/cmTC_7ce25.dir/CheckFunctionExists.c.o   -c /usr/share/cmake-3.16/Modules/CheckFunctionExists.c
Linking C executable cmTC_7ce25
/usr/bin/cmake -E cmake_link_script CMakeFiles/cmTC_7ce25.dir/link.txt --verbose=1
/usr/bin/cc  -O2 -Wall -DCHECK_FUNCTION_EXISTS=getauxval    -rdynamic CMakeFiles/cmTC_7ce25.dir/CheckFunctionExists.c.o  -o cmTC_7ce25 
make[1]: Leaving directory '/home/adblock/adblock-dev/YT-ab-back/utility/tmp/libressl-3.0.2/build/CMakeFiles/CMakeTmp'



Determining if the function getentropy exists passed with the following output:
Change Dir: /home/adblock/adblock-dev/YT-ab-back/utility/tmp/libressl-3.0.2/build/CMakeFiles/CMakeTmp

Run Build Command(s):/usr/bin/make cmTC_63af3/fast && /usr/bin/make -f CMakeFiles/cmTC_63af3.dir/build.make CMakeFiles/cmTC_63af3.dir/build
make[1]: Entering directory '/home/adblock/adblock-dev/YT-ab-back/utility/tmp/libressl-3.0.2/build/CMakeFiles/CMakeTmp'
Building C object CMakeFiles/cmTC_63af3.dir/CheckFunctionExists.c.o
/usr/bin/cc   -O2 -Wall -DCHECK_FUNCTION_EXISTS=getentropy -fPIE   -o CMakeFiles/cmTC_63af3.dir/CheckFunctionExists.c.o   -c /usr/share/cmake-3.16/Modules/CheckFunctionExists.c
Linking C executable cmTC_63af3
/usr/bin/cmake -E cmake_link_script CMakeFiles/cmTC_63af3.dir/link.txt --verbose=1
/usr/bin/cc  -O2 -Wall -DCHECK_FUNCTION_EXISTS=getentropy    -rdynamic CMakeFiles/cmTC_63af3.dir/CheckFunctionExists.c.o  -o cmTC_63af3 
make[1]: Leaving directory '/home/adblock/adblock-dev/YT-ab-back/utility/tmp/libressl-3.0.2/build/CMakeFiles/CMakeTmp'



Determining if the getpagesize exist passed with the following output:
Change Dir: /home/adblock/adblock-dev/YT-ab-back/utility/tmp/libressl-3.0.2/build/CMakeFiles/CMakeTmp

Run Build Command(s):/usr/bin/make cmTC_c6c5b/fast && /usr/bin/make -f CMakeFiles/cmTC_c6c5b.dir/build.make CMakeFiles/cmTC_c6c5b.dir/build
make[1]: Entering directory '/home/adblock/adblock-dev/YT-ab-back/utility/tmp/libressl-3.0.2/build/CMakeFiles/CMakeTmp'
Building C object CMakeFiles/cmTC_c6c5b.dir/CheckSymbolExists.c.o
/usr/bin/cc   -O2 -Wall  -fPIE   -o CMakeFiles/cmTC_c6c5b.dir/CheckSymbolExists.c.o   -c /home/adblock/adblock-dev/YT-ab-back/utility/tmp/libressl-3.0.2/build/CMakeFiles/CMakeTmp/CheckSymbolExists.c
Linking C executable cmTC_c6c5b
/usr/bin/cmake -E cmake_link_script CMakeFiles/cmTC_c6c5b.dir/link.txt --verbose=1
/usr/bin/cc  -O2 -Wall     -rdynamic CMakeFiles/cmTC_c6c5b.dir/CheckSymbolExists.c.o  -o cmTC_c6c5b 
make[1]: Leaving directory '/home/adblock/adblock-dev/YT-ab-back/utility/tmp/libressl-3.0.2/build/CMakeFiles/CMakeTmp'


File /home/adblock/adblock-dev/YT-ab-back/utility/tmp/libressl-3.0.2/build/CMakeFiles/CMakeTmp/CheckSymbolExists.c:
/* */
#include <unistd.h>

int main(int argc, char** argv)
{
  (void)argv;
#ifndef getpagesize
  return ((int*)(&getpagesize))[argc];
#else
  (void)argc;
  return 0;
#endif
}
Determining if the function syslog exists passed with the following output:
Change Dir: /home/adblock/adblock-dev/YT-ab-back/utility/tmp/libressl-3.0.2/build/CMakeFiles/CMakeTmp

Run Build Command(s):/usr/bin/make cmTC_32090/fast && /usr/bin/make -f CMakeFiles/cmTC_32090.dir/build.make CMakeFiles/cmTC_32090.dir/build
make[1]: Entering directory '/home/adblock/adblock-dev/YT-ab-back/utility/tmp/libressl-3.0.2/build/CMakeFiles/CMakeTmp'
Building C object CMakeFiles/cmTC_32090.dir/CheckFunctionExists.c.o
/usr/bin/cc   -O2 -Wall -DCHECK_FUNCTION_EXISTS=syslog -fPIE   -o CMakeFiles/cmTC_32090.dir/CheckFunctionExists.c.o   -c /usr/share/cmake-3.16/Modules/CheckFunctionExists.c
Linking C executable cmTC_32090
/usr/bin/cmake -E cmake_link_script CMakeFiles/cmTC_32090.dir/link.txt --verbose=1
/usr/bin/cc  -O2 -Wall -DCHECK_FUNCTION_EXISTS=syslog    -rdynamic CMakeFiles/cmTC_32090.dir/CheckFunctionExists.c.o  -o cmTC_32090 
make[1]: Leaving directory '/home/adblock/adblock-dev/YT-ab-back/utility/tmp/libressl-3.0.2/build/CMakeFiles/CMakeTmp'



Determining if the function memmem exists passed with the following output:
Change Dir: /home/adblock/adblock-dev/YT-ab-back/utility/tmp/libressl-3.0.2/build/CMakeFiles/CMakeTmp

Run Build Command(s):/usr/bin/make cmTC_1ac4f/fast && /usr/bin/make -f CMakeFiles/cmTC_1ac4f.dir/build.make CMakeFiles/cmTC_1ac4f.dir/build
make[1]: Entering directory '/home/adblock/adblock-dev/YT-ab-back/utility/tmp/libressl-3.0.2/build/CMakeFiles/CMakeTmp'
Building C object CMakeFiles/cmTC_1ac4f.dir/CheckFunctionExists.c.o
/usr/bin/cc   -O2 -Wall -DCHECK_FUNCTION_EXISTS=memmem -fPIE   -o CMakeFiles/cmTC_1ac4f.dir/CheckFunctionExists.c.o   -c /usr/share/cmake-3.16/Modules/CheckFunctionExists.c
Linking C executable cmTC_1ac4f
/usr/bin/cmake -E cmake_link_script CMakeFiles/cmTC_1ac4f.dir/link.txt --verbose=1
/usr/bin/cc  -O2 -Wall -DCHECK_FUNCTION_EXISTS=memmem    -rdynamic CMakeFiles/cmTC_1ac4f.dir/CheckFunctionExists.c.o  -o cmTC_1ac4f 
make[1]: Leaving directory '/home/adblock/adblock-dev/YT-ab-back/utility/tmp/libressl-3.0.2/build/CMakeFiles/CMakeTmp'



Determining if files err.h exist passed with the following output:
Change Dir: /home/adblock/adblock-dev/YT-ab-back/utility/tmp/libressl-3.0.2/build/CMakeFiles/CMakeTmp

Run Build Command(s):/usr/bin/make cmTC_2de71/fast && /usr/bin/make -f CMakeFiles/cmTC_2de71.dir/build.make CMakeFiles/cmTC_2de71.dir/build
make[1]: Entering directory '/home/adblock/adblock-dev/YT-ab-back/utility/tmp/libressl-3.0.2/build/CMakeFiles/CMakeTmp'
Building C object CMakeFiles/cmTC_2de71.dir/HAVE_ERR_H.c.o
/usr/bin/cc   -O2 -Wall  -fPIE   -o CMakeFiles/cmTC_2de71.dir/HAVE_ERR_H.c.o   -c /home/adblock/adblock-dev/YT-ab-back/utility/tmp/libressl-3.0.2/build/CMakeFiles/CheckIncludeFiles/HAVE_ERR_H.c
Linking C executable cmTC_2de71
/usr/bin/cmake -E cmake_link_script CMakeFiles/cmTC_2de71.dir/link.txt --verbose=1
/usr/bin/cc  -O2 -Wall     -rdynamic CMakeFiles/cmTC_2de71.dir/HAVE_ERR_H.c.o  -o cmTC_2de71 
make[1]: Leaving directory '/home/adblock/adblock-dev/YT-ab-back/utility/tmp/libressl-3.0.2/build/CMakeFiles/CMakeTmp'



Determining if the function clock_gettime exists in the rt passed with the following output:
Change Dir: /home/adblock/adblock-dev/YT-ab-back/utility/tmp/libressl-3.0.2/build/CMakeFiles/CMakeTmp

Run Build Command(s):/usr/bin/make cmTC_9a20d/fast && /usr/bin/make -f CMakeFiles/cmTC_9a20d.dir/build.make CMakeFiles/cmTC_9a20d.dir/build
make[1]: Entering directory '/home/adblock/adblock-dev/YT-ab-back/utility/tmp/libressl-3.0.2/build/CMakeFiles/CMakeTmp'
Building C object CMakeFiles/cmTC_9a20d.dir/CheckFunctionExists.c.o
/usr/bin/cc   -O2 -Wall -DCHECK_FUNCTION_EXISTS=clock_gettime -fPIE   -o CMakeFiles/cmTC_9a20d.dir/CheckFunctionExists.c.o   -c /usr/share/cmake-3.16/Modules/CheckFunctionExists.c
Linking C executable cmTC_9a20d
/usr/bin/cmake -E cmake_link_script CMakeFiles/cmTC_9a20d.dir/link.txt --verbose=1
/usr/bin/cc  -O2 -Wall -DCHECK_FUNCTION_EXISTS=clock_gettime    -rdynamic CMakeFiles/cmTC_9a20d.dir/CheckFunctionExists.c.o  -o cmTC_9a20d   -L/home/adblock/adblock-dev/YT-ab-back/utility/tmp/libressl-3.0.2/build/CMakeFiles/CMakeTmp/time.h  -Wl,-rpath,/home/adblock/adblock-dev/YT-ab-back/utility/tmp/libressl-3.0.2/build/CMakeFiles/CMakeTmp/time.h -lrt 
make[1]: Leaving directory '/home/adblock/adblock-dev/YT-ab-back/utility/tmp/libressl-3.0.2/build/CMakeFiles/CMakeTmp'



Determining if the include file sys/types.h exists passed with the following output:
Change Dir: /home/adblock/adblock-dev/YT-ab-back/utility/tmp/libressl-3.0.2/build/CMakeFiles/CMakeTmp

Run Build Command(s):/usr/bin/make cmTC_9540f/fast && /usr/bin/make -f CMakeFiles/cmTC_9540f.dir/build.make CMakeFiles/cmTC_9540f.dir/build
make[1]: Entering directory '/home/adblock/adblock-dev/YT-ab-back/utility/tmp/libressl-3.0.2/build/CMakeFiles/CMakeTmp'
Building C object CMakeFiles/cmTC_9540f.dir/CheckIncludeFile.c.o
/usr/bin/cc   -O2 -Wall  -fPIE   -o CMakeFiles/cmTC_9540f.dir/CheckIncludeFile.c.o   -c /home/adblock/adblock-dev/YT-ab-back/utility/tmp/libressl-3.0.2/build/CMakeFiles/CMakeTmp/CheckIncludeFile.c
Linking C executable cmTC_9540f
/usr/bin/cmake -E cmake_link_script CMakeFiles/cmTC_9540f.dir/link.txt --verbose=1
/usr/bin/cc  -O2 -Wall     -rdynamic CMakeFiles/cmTC_9540f.dir/CheckIncludeFile.c.o  -o cmTC_9540f 
make[1]: Leaving directory '/home/adblock/adblock-dev/YT-ab-back/utility/tmp/libressl-3.0.2/build/CMakeFiles/CMakeTmp'



Determining if the include file stdint.h exists passed with the following output:
Change Dir: /home/adblock/adblock-dev/YT-ab-back/utility/tmp/libressl-3.0.2/build/CMakeFiles/CMakeTmp

Run Build Command(s):/usr/bin/make cmTC_3cba8/fast && /usr/bin/make -f CMakeFiles/cmTC_3cba8.dir/build.make CMakeFiles/cmTC_3cba8.dir/build
make[1]: Entering directory '/home/adblock/adblock-dev/YT-ab-back/utility/tmp/libressl-3.0.2/build/CMakeFiles/CMakeTmp'
Building C object CMakeFiles/cmTC_3cba8.dir/CheckIncludeFile.c.o
/usr/bin/cc   -O2 -Wall  -fPIE   -o CMakeFiles/cmTC_3cba8.dir/CheckIncludeFile.c.o   -c /home/adblock/adblock-dev/YT-ab-back/utility/tmp/libressl-3.0.2/build/CMakeFiles/CMakeTmp/CheckIncludeFile.c
Linking C executable cmTC_3cba8
/usr/bin/cmake -E cmake_link_script CMakeFiles/cmTC_3cba8.dir/link.txt --verbose=1
/usr/bin/cc  -O2 -Wall     -rdynamic CMakeFiles/cmTC_3cba8.dir/CheckIncludeFile.c.o  -o cmTC_3cba8 
make[1]: Leaving directory '/home/adblock/adblock-dev/YT-ab-back/utility/tmp/libressl-3.0.2/build/CMakeFiles/CMakeTmp'



Determining if the include file stddef.h exists passed with the following output:
Change Dir: /home/adblock/adblock-dev/YT-ab-back/utility/tmp/libressl-3.0.2/build/CMakeFiles/CMakeTmp

Run Build Command(s):/usr/bin/make cmTC_18a9c/fast && /usr/bin/make -f CMakeFiles/cmTC_18a9c.dir/build.make CMakeFiles/cmTC_18a9c.dir/build
make[1]: Entering directory '/home/adblock/adblock-dev/YT-ab-back/utility/tmp/libressl-3.0.2/build/CMakeFiles/CMakeTmp'
Building C object CMakeFiles/cmTC_18a9c.dir/CheckIncludeFile.c.o
/usr/bin/cc   -O2 -Wall  -fPIE   -o CMakeFiles/cmTC_18a9c.dir/CheckIncludeFile.c.o   -c /home/adblock/adblock-dev/YT-ab-back/utility/tmp/libressl-3.0.2/build/CMakeFiles/CMakeTmp/CheckIncludeFile.c
Linking C executable cmTC_18a9c
/usr/bin/cmake -E cmake_link_script CMakeFiles/cmTC_18a9c.dir/link.txt --verbose=1
/usr/bin/cc  -O2 -Wall     -rdynamic CMakeFiles/cmTC_18a9c.dir/CheckIncludeFile.c.o  -o cmTC_18a9c 
make[1]: Leaving directory '/home/adblock/adblock-dev/YT-ab-back/utility/tmp/libressl-3.0.2/build/CMakeFiles/CMakeTmp'



Determining size of time_t passed with the following output:
Change Dir: /home/adblock/adblock-dev/YT-ab-back/utility/tmp/libressl-3.0.2/build/CMakeFiles/CMakeTmp

Run Build Command(s):/usr/bin/make cmTC_d4fab/fast && /usr/bin/make -f CMakeFiles/cmTC_d4fab.dir/build.make CMakeFiles/cmTC_d4fab.dir/build
make[1]: Entering directory '/home/adblock/adblock-dev/YT-ab-back/utility/tmp/libressl-3.0.2/build/CMakeFiles/CMakeTmp'
Building C object CMakeFiles/cmTC_d4fab.dir/SIZEOF_TIME_T.c.o
/usr/bin/cc   -O2 -Wall  -fPIE   -o CMakeFiles/cmTC_d4fab.dir/SIZEOF_TIME_T.c.o   -c /home/adblock/adblock-dev/YT-ab-back/utility/tmp/libressl-3.0.2/build/CMakeFiles/CheckTypeSize/SIZEOF_TIME_T.c
Linking C executable cmTC_d4fab
/usr/bin/cmake -E cmake_link_script CMakeFiles/cmTC_d4fab.dir/link.txt --verbose=1
/usr/bin/cc  -O2 -Wall     -rdynamic CMakeFiles/cmTC_d4fab.dir/SIZEOF_TIME_T.c.o  -o cmTC_d4fab 
make[1]: Leaving directory '/home/adblock/adblock-dev/YT-ab-back/utility/tmp/libressl-3.0.2/build/CMakeFiles/CMakeTmp'



Determining if the function accept4 exists passed with the following output:
Change Dir: /home/adblock/adblock-dev/YT-ab-back/utility/tmp/libressl-3.0.2/build/CMakeFiles/CMakeTmp

Run Build Command(s):/usr/bin/make cmTC_32abf/fast && /usr/bin/make -f CMakeFiles/cmTC_32abf.dir/build.make CMakeFiles/cmTC_32abf.dir/build
make[1]: Entering directory '/home/adblock/adblock-dev/YT-ab-back/utility/tmp/libressl-3.0.2/build/CMakeFiles/CMakeTmp'
Building C object CMakeFiles/cmTC_32abf.dir/CheckFunctionExists.c.o
/usr/bin/cc   -O2 -Wall -DCHECK_FUNCTION_EXISTS=accept4 -fPIE   -o CMakeFiles/cmTC_32abf.dir/CheckFunctionExists.c.o   -c /usr/share/cmake-3.16/Modules/CheckFunctionExists.c
Linking C executable cmTC_32abf
/usr/bin/cmake -E cmake_link_script CMakeFiles/cmTC_32abf.dir/link.txt --verbose=1
/usr/bin/cc  -O2 -Wall -DCHECK_FUNCTION_EXISTS=accept4    -rdynamic CMakeFiles/cmTC_32abf.dir/CheckFunctionExists.c.o  -o cmTC_32abf 
make[1]: Leaving directory '/home/adblock/adblock-dev/YT-ab-back/utility/tmp/libressl-3.0.2/build/CMakeFiles/CMakeTmp'



Determining if the function pipe2 exists passed with the following output:
Change Dir: /home/adblock/adblock-dev/YT-ab-back/utility/tmp/libressl-3.0.2/build/CMakeFiles/CMakeTmp

Run Build Command(s):/usr/bin/make cmTC_7e409/fast && /usr/bin/make -f CMakeFiles/cmTC_7e409.dir/build.make CMakeFiles/cmTC_7e409.dir/build
make[1]: Entering directory '/home/adblock/adblock-dev/YT-ab-back/utility/tmp/libressl-3.0.2/build/CMakeFiles/CMakeTmp'
Building C object CMakeFiles/cmTC_7e409.dir/CheckFunctionExists.c.o
/usr/bin/cc   -O2 -Wall -DCHECK_FUNCTION_EXISTS=pipe2 -fPIE   -o CMakeFiles/cmTC_7e409.dir/CheckFunctionExists.c.o   -c /usr/share/cmake-3.16/Modules/CheckFunctionExists.c
Linking C executable cmTC_7e409
/usr/bin/cmake -E cmake_link_script CMakeFiles/cmTC_7e409.dir/link.txt --verbose=1
/usr/bin/cc  -O2 -Wall -DCHECK_FUNCTION_EXISTS=pipe2    -rdynamic CMakeFiles/cmTC_7e409.dir/CheckFunctionExists.c.o  -o cmTC_7e409 
make[1]: Leaving directory '/home/adblock/adblock-dev/YT-ab-back/utility/tmp/libressl-3.0.2/build/CMakeFiles/CMakeTmp'



