Determining if the function strlcat exists failed with the following output:
Change Dir: /home/adblock/adblock-dev/YT-ab-back/utility/tmp/libressl-3.0.2/build/CMakeFiles/CMakeTmp

Run Build Command(s):/usr/bin/make cmTC_65cd8/fast && /usr/bin/make -f CMakeFiles/cmTC_65cd8.dir/build.make CMakeFiles/cmTC_65cd8.dir/build
make[1]: Entering directory '/home/adblock/adblock-dev/YT-ab-back/utility/tmp/libressl-3.0.2/build/CMakeFiles/CMakeTmp'
Building C object CMakeFiles/cmTC_65cd8.dir/CheckFunctionExists.c.o
/usr/bin/cc   -O2 -Wall -DCHECK_FUNCTION_EXISTS=strlcat -fPIE   -o CMakeFiles/cmTC_65cd8.dir/CheckFunctionExists.c.o   -c /usr/share/cmake-3.16/Modules/CheckFunctionExists.c
Linking C executable cmTC_65cd8
/usr/bin/cmake -E cmake_link_script CMakeFiles/cmTC_65cd8.dir/link.txt --verbose=1
/usr/bin/cc  -O2 -Wall -DCHECK_FUNCTION_EXISTS=strlcat    -rdynamic CMakeFiles/cmTC_65cd8.dir/CheckFunctionExists.c.o  -o cmTC_65cd8 
/usr/bin/ld: CMakeFiles/cmTC_65cd8.dir/CheckFunctionExists.c.o: in function `main':
CheckFunctionExists.c:(.text.startup+0x10): undefined reference to `strlcat'
collect2: error: ld returned 1 exit status
make[1]: *** [CMakeFiles/cmTC_65cd8.dir/build.make:87: cmTC_65cd8] Error 1
make[1]: Leaving directory '/home/adblock/adblock-dev/YT-ab-back/utility/tmp/libressl-3.0.2/build/CMakeFiles/CMakeTmp'
make: *** [Makefile:121: cmTC_65cd8/fast] Error 2



Determining if the function strlcpy exists failed with the following output:
Change Dir: /home/adblock/adblock-dev/YT-ab-back/utility/tmp/libressl-3.0.2/build/CMakeFiles/CMakeTmp

Run Build Command(s):/usr/bin/make cmTC_f3504/fast && /usr/bin/make -f CMakeFiles/cmTC_f3504.dir/build.make CMakeFiles/cmTC_f3504.dir/build
make[1]: Entering directory '/home/adblock/adblock-dev/YT-ab-back/utility/tmp/libressl-3.0.2/build/CMakeFiles/CMakeTmp'
Building C object CMakeFiles/cmTC_f3504.dir/CheckFunctionExists.c.o
/usr/bin/cc   -O2 -Wall -DCHECK_FUNCTION_EXISTS=strlcpy -fPIE   -o CMakeFiles/cmTC_f3504.dir/CheckFunctionExists.c.o   -c /usr/share/cmake-3.16/Modules/CheckFunctionExists.c
Linking C executable cmTC_f3504
/usr/bin/cmake -E cmake_link_script CMakeFiles/cmTC_f3504.dir/link.txt --verbose=1
/usr/bin/cc  -O2 -Wall -DCHECK_FUNCTION_EXISTS=strlcpy    -rdynamic CMakeFiles/cmTC_f3504.dir/CheckFunctionExists.c.o  -o cmTC_f3504 
/usr/bin/ld: CMakeFiles/cmTC_f3504.dir/CheckFunctionExists.c.o: in function `main':
CheckFunctionExists.c:(.text.startup+0x10): undefined reference to `strlcpy'
collect2: error: ld returned 1 exit status
make[1]: *** [CMakeFiles/cmTC_f3504.dir/build.make:87: cmTC_f3504] Error 1
make[1]: Leaving directory '/home/adblock/adblock-dev/YT-ab-back/utility/tmp/libressl-3.0.2/build/CMakeFiles/CMakeTmp'
make: *** [Makefile:121: cmTC_f3504/fast] Error 2



Determining if the function arc4random_buf exists failed with the following output:
Change Dir: /home/adblock/adblock-dev/YT-ab-back/utility/tmp/libressl-3.0.2/build/CMakeFiles/CMakeTmp

Run Build Command(s):/usr/bin/make cmTC_99a17/fast && /usr/bin/make -f CMakeFiles/cmTC_99a17.dir/build.make CMakeFiles/cmTC_99a17.dir/build
make[1]: Entering directory '/home/adblock/adblock-dev/YT-ab-back/utility/tmp/libressl-3.0.2/build/CMakeFiles/CMakeTmp'
Building C object CMakeFiles/cmTC_99a17.dir/CheckFunctionExists.c.o
/usr/bin/cc   -O2 -Wall -DCHECK_FUNCTION_EXISTS=arc4random_buf -fPIE   -o CMakeFiles/cmTC_99a17.dir/CheckFunctionExists.c.o   -c /usr/share/cmake-3.16/Modules/CheckFunctionExists.c
Linking C executable cmTC_99a17
/usr/bin/cmake -E cmake_link_script CMakeFiles/cmTC_99a17.dir/link.txt --verbose=1
/usr/bin/cc  -O2 -Wall -DCHECK_FUNCTION_EXISTS=arc4random_buf    -rdynamic CMakeFiles/cmTC_99a17.dir/CheckFunctionExists.c.o  -o cmTC_99a17 
/usr/bin/ld: CMakeFiles/cmTC_99a17.dir/CheckFunctionExists.c.o: in function `main':
CheckFunctionExists.c:(.text.startup+0x10): undefined reference to `arc4random_buf'
collect2: error: ld returned 1 exit status
make[1]: *** [CMakeFiles/cmTC_99a17.dir/build.make:87: cmTC_99a17] Error 1
make[1]: Leaving directory '/home/adblock/adblock-dev/YT-ab-back/utility/tmp/libressl-3.0.2/build/CMakeFiles/CMakeTmp'
make: *** [Makefile:121: cmTC_99a17/fast] Error 2



Determining if the function arc4random_uniform exists failed with the following output:
Change Dir: /home/adblock/adblock-dev/YT-ab-back/utility/tmp/libressl-3.0.2/build/CMakeFiles/CMakeTmp

Run Build Command(s):/usr/bin/make cmTC_f5c4c/fast && /usr/bin/make -f CMakeFiles/cmTC_f5c4c.dir/build.make CMakeFiles/cmTC_f5c4c.dir/build
make[1]: Entering directory '/home/adblock/adblock-dev/YT-ab-back/utility/tmp/libressl-3.0.2/build/CMakeFiles/CMakeTmp'
Building C object CMakeFiles/cmTC_f5c4c.dir/CheckFunctionExists.c.o
/usr/bin/cc   -O2 -Wall -DCHECK_FUNCTION_EXISTS=arc4random_uniform -fPIE   -o CMakeFiles/cmTC_f5c4c.dir/CheckFunctionExists.c.o   -c /usr/share/cmake-3.16/Modules/CheckFunctionExists.c
Linking C executable cmTC_f5c4c
/usr/bin/cmake -E cmake_link_script CMakeFiles/cmTC_f5c4c.dir/link.txt --verbose=1
/usr/bin/cc  -O2 -Wall -DCHECK_FUNCTION_EXISTS=arc4random_uniform    -rdynamic CMakeFiles/cmTC_f5c4c.dir/CheckFunctionExists.c.o  -o cmTC_f5c4c 
/usr/bin/ld: CMakeFiles/cmTC_f5c4c.dir/CheckFunctionExists.c.o: in function `main':
CheckFunctionExists.c:(.text.startup+0x10): undefined reference to `arc4random_uniform'
collect2: error: ld returned 1 exit status
make[1]: *** [CMakeFiles/cmTC_f5c4c.dir/build.make:87: cmTC_f5c4c] Error 1
make[1]: Leaving directory '/home/adblock/adblock-dev/YT-ab-back/utility/tmp/libressl-3.0.2/build/CMakeFiles/CMakeTmp'
make: *** [Makefile:121: cmTC_f5c4c/fast] Error 2



Determining if the function getprogname exists failed with the following output:
Change Dir: /home/adblock/adblock-dev/YT-ab-back/utility/tmp/libressl-3.0.2/build/CMakeFiles/CMakeTmp

Run Build Command(s):/usr/bin/make cmTC_3604e/fast && /usr/bin/make -f CMakeFiles/cmTC_3604e.dir/build.make CMakeFiles/cmTC_3604e.dir/build
make[1]: Entering directory '/home/adblock/adblock-dev/YT-ab-back/utility/tmp/libressl-3.0.2/build/CMakeFiles/CMakeTmp'
Building C object CMakeFiles/cmTC_3604e.dir/CheckFunctionExists.c.o
/usr/bin/cc   -O2 -Wall -DCHECK_FUNCTION_EXISTS=getprogname -fPIE   -o CMakeFiles/cmTC_3604e.dir/CheckFunctionExists.c.o   -c /usr/share/cmake-3.16/Modules/CheckFunctionExists.c
Linking C executable cmTC_3604e
/usr/bin/cmake -E cmake_link_script CMakeFiles/cmTC_3604e.dir/link.txt --verbose=1
/usr/bin/cc  -O2 -Wall -DCHECK_FUNCTION_EXISTS=getprogname    -rdynamic CMakeFiles/cmTC_3604e.dir/CheckFunctionExists.c.o  -o cmTC_3604e 
/usr/bin/ld: CMakeFiles/cmTC_3604e.dir/CheckFunctionExists.c.o: in function `main':
CheckFunctionExists.c:(.text.startup+0x10): undefined reference to `getprogname'
collect2: error: ld returned 1 exit status
make[1]: *** [CMakeFiles/cmTC_3604e.dir/build.make:87: cmTC_3604e] Error 1
make[1]: Leaving directory '/home/adblock/adblock-dev/YT-ab-back/utility/tmp/libressl-3.0.2/build/CMakeFiles/CMakeTmp'
make: *** [Makefile:121: cmTC_3604e/fast] Error 2



Determining if the function syslog_r exists failed with the following output:
Change Dir: /home/adblock/adblock-dev/YT-ab-back/utility/tmp/libressl-3.0.2/build/CMakeFiles/CMakeTmp

Run Build Command(s):/usr/bin/make cmTC_a41ef/fast && /usr/bin/make -f CMakeFiles/cmTC_a41ef.dir/build.make CMakeFiles/cmTC_a41ef.dir/build
make[1]: Entering directory '/home/adblock/adblock-dev/YT-ab-back/utility/tmp/libressl-3.0.2/build/CMakeFiles/CMakeTmp'
Building C object CMakeFiles/cmTC_a41ef.dir/CheckFunctionExists.c.o
/usr/bin/cc   -O2 -Wall -DCHECK_FUNCTION_EXISTS=syslog_r -fPIE   -o CMakeFiles/cmTC_a41ef.dir/CheckFunctionExists.c.o   -c /usr/share/cmake-3.16/Modules/CheckFunctionExists.c
Linking C executable cmTC_a41ef
/usr/bin/cmake -E cmake_link_script CMakeFiles/cmTC_a41ef.dir/link.txt --verbose=1
/usr/bin/cc  -O2 -Wall -DCHECK_FUNCTION_EXISTS=syslog_r    -rdynamic CMakeFiles/cmTC_a41ef.dir/CheckFunctionExists.c.o  -o cmTC_a41ef 
/usr/bin/ld: CMakeFiles/cmTC_a41ef.dir/CheckFunctionExists.c.o: in function `main':
CheckFunctionExists.c:(.text.startup+0x10): undefined reference to `syslog_r'
collect2: error: ld returned 1 exit status
make[1]: *** [CMakeFiles/cmTC_a41ef.dir/build.make:87: cmTC_a41ef] Error 1
make[1]: Leaving directory '/home/adblock/adblock-dev/YT-ab-back/utility/tmp/libressl-3.0.2/build/CMakeFiles/CMakeTmp'
make: *** [Makefile:121: cmTC_a41ef/fast] Error 2



Determining if the timespecsub exist failed with the following output:
Change Dir: /home/adblock/adblock-dev/YT-ab-back/utility/tmp/libressl-3.0.2/build/CMakeFiles/CMakeTmp

Run Build Command(s):/usr/bin/make cmTC_55838/fast && /usr/bin/make -f CMakeFiles/cmTC_55838.dir/build.make CMakeFiles/cmTC_55838.dir/build
make[1]: Entering directory '/home/adblock/adblock-dev/YT-ab-back/utility/tmp/libressl-3.0.2/build/CMakeFiles/CMakeTmp'
Building C object CMakeFiles/cmTC_55838.dir/CheckSymbolExists.c.o
/usr/bin/cc   -O2 -Wall  -fPIE   -o CMakeFiles/cmTC_55838.dir/CheckSymbolExists.c.o   -c /home/adblock/adblock-dev/YT-ab-back/utility/tmp/libressl-3.0.2/build/CMakeFiles/CMakeTmp/CheckSymbolExists.c
/home/adblock/adblock-dev/YT-ab-back/utility/tmp/libressl-3.0.2/build/CMakeFiles/CMakeTmp/CheckSymbolExists.c: In function ‘main’:
/home/adblock/adblock-dev/YT-ab-back/utility/tmp/libressl-3.0.2/build/CMakeFiles/CMakeTmp/CheckSymbolExists.c:8:19: error: ‘timespecsub’ undeclared (first use in this function); did you mean ‘timespec’?
    8 |   return ((int*)(&timespecsub))[argc];
      |                   ^~~~~~~~~~~
      |                   timespec
/home/adblock/adblock-dev/YT-ab-back/utility/tmp/libressl-3.0.2/build/CMakeFiles/CMakeTmp/CheckSymbolExists.c:8:19: note: each undeclared identifier is reported only once for each function it appears in
make[1]: *** [CMakeFiles/cmTC_55838.dir/build.make:66: CMakeFiles/cmTC_55838.dir/CheckSymbolExists.c.o] Error 1
make[1]: Leaving directory '/home/adblock/adblock-dev/YT-ab-back/utility/tmp/libressl-3.0.2/build/CMakeFiles/CMakeTmp'
make: *** [Makefile:121: cmTC_55838/fast] Error 2


File /home/adblock/adblock-dev/YT-ab-back/utility/tmp/libressl-3.0.2/build/CMakeFiles/CMakeTmp/CheckSymbolExists.c:
/* */
#include <sys/time.h>

int main(int argc, char** argv)
{
  (void)argv;
#ifndef timespecsub
  return ((int*)(&timespecsub))[argc];
#else
  (void)argc;
  return 0;
#endif
}
Determining if the function timingsafe_bcmp exists failed with the following output:
Change Dir: /home/adblock/adblock-dev/YT-ab-back/utility/tmp/libressl-3.0.2/build/CMakeFiles/CMakeTmp

Run Build Command(s):/usr/bin/make cmTC_3fa87/fast && /usr/bin/make -f CMakeFiles/cmTC_3fa87.dir/build.make CMakeFiles/cmTC_3fa87.dir/build
make[1]: Entering directory '/home/adblock/adblock-dev/YT-ab-back/utility/tmp/libressl-3.0.2/build/CMakeFiles/CMakeTmp'
Building C object CMakeFiles/cmTC_3fa87.dir/CheckFunctionExists.c.o
/usr/bin/cc   -O2 -Wall -DCHECK_FUNCTION_EXISTS=timingsafe_bcmp -fPIE   -o CMakeFiles/cmTC_3fa87.dir/CheckFunctionExists.c.o   -c /usr/share/cmake-3.16/Modules/CheckFunctionExists.c
Linking C executable cmTC_3fa87
/usr/bin/cmake -E cmake_link_script CMakeFiles/cmTC_3fa87.dir/link.txt --verbose=1
/usr/bin/cc  -O2 -Wall -DCHECK_FUNCTION_EXISTS=timingsafe_bcmp    -rdynamic CMakeFiles/cmTC_3fa87.dir/CheckFunctionExists.c.o  -o cmTC_3fa87 
/usr/bin/ld: CMakeFiles/cmTC_3fa87.dir/CheckFunctionExists.c.o: in function `main':
CheckFunctionExists.c:(.text.startup+0x10): undefined reference to `timingsafe_bcmp'
collect2: error: ld returned 1 exit status
make[1]: *** [CMakeFiles/cmTC_3fa87.dir/build.make:87: cmTC_3fa87] Error 1
make[1]: Leaving directory '/home/adblock/adblock-dev/YT-ab-back/utility/tmp/libressl-3.0.2/build/CMakeFiles/CMakeTmp'
make: *** [Makefile:121: cmTC_3fa87/fast] Error 2



Determining if the function timingsafe_memcmp exists failed with the following output:
Change Dir: /home/adblock/adblock-dev/YT-ab-back/utility/tmp/libressl-3.0.2/build/CMakeFiles/CMakeTmp

Run Build Command(s):/usr/bin/make cmTC_34a5b/fast && /usr/bin/make -f CMakeFiles/cmTC_34a5b.dir/build.make CMakeFiles/cmTC_34a5b.dir/build
make[1]: Entering directory '/home/adblock/adblock-dev/YT-ab-back/utility/tmp/libressl-3.0.2/build/CMakeFiles/CMakeTmp'
Building C object CMakeFiles/cmTC_34a5b.dir/CheckFunctionExists.c.o
/usr/bin/cc   -O2 -Wall -DCHECK_FUNCTION_EXISTS=timingsafe_memcmp -fPIE   -o CMakeFiles/cmTC_34a5b.dir/CheckFunctionExists.c.o   -c /usr/share/cmake-3.16/Modules/CheckFunctionExists.c
Linking C executable cmTC_34a5b
/usr/bin/cmake -E cmake_link_script CMakeFiles/cmTC_34a5b.dir/link.txt --verbose=1
/usr/bin/cc  -O2 -Wall -DCHECK_FUNCTION_EXISTS=timingsafe_memcmp    -rdynamic CMakeFiles/cmTC_34a5b.dir/CheckFunctionExists.c.o  -o cmTC_34a5b 
/usr/bin/ld: CMakeFiles/cmTC_34a5b.dir/CheckFunctionExists.c.o: in function `main':
CheckFunctionExists.c:(.text.startup+0x10): undefined reference to `timingsafe_memcmp'
collect2: error: ld returned 1 exit status
make[1]: *** [CMakeFiles/cmTC_34a5b.dir/build.make:87: cmTC_34a5b] Error 1
make[1]: Leaving directory '/home/adblock/adblock-dev/YT-ab-back/utility/tmp/libressl-3.0.2/build/CMakeFiles/CMakeTmp'
make: *** [Makefile:121: cmTC_34a5b/fast] Error 2



Determining if the function strtonum exists failed with the following output:
Change Dir: /home/adblock/adblock-dev/YT-ab-back/utility/tmp/libressl-3.0.2/build/CMakeFiles/CMakeTmp

Run Build Command(s):/usr/bin/make cmTC_cda06/fast && /usr/bin/make -f CMakeFiles/cmTC_cda06.dir/build.make CMakeFiles/cmTC_cda06.dir/build
make[1]: Entering directory '/home/adblock/adblock-dev/YT-ab-back/utility/tmp/libressl-3.0.2/build/CMakeFiles/CMakeTmp'
Building C object CMakeFiles/cmTC_cda06.dir/CheckFunctionExists.c.o
/usr/bin/cc   -O2 -Wall -DCHECK_FUNCTION_EXISTS=strtonum -fPIE   -o CMakeFiles/cmTC_cda06.dir/CheckFunctionExists.c.o   -c /usr/share/cmake-3.16/Modules/CheckFunctionExists.c
Linking C executable cmTC_cda06
/usr/bin/cmake -E cmake_link_script CMakeFiles/cmTC_cda06.dir/link.txt --verbose=1
/usr/bin/cc  -O2 -Wall -DCHECK_FUNCTION_EXISTS=strtonum    -rdynamic CMakeFiles/cmTC_cda06.dir/CheckFunctionExists.c.o  -o cmTC_cda06 
/usr/bin/ld: CMakeFiles/cmTC_cda06.dir/CheckFunctionExists.c.o: in function `main':
CheckFunctionExists.c:(.text.startup+0x10): undefined reference to `strtonum'
collect2: error: ld returned 1 exit status
make[1]: *** [CMakeFiles/cmTC_cda06.dir/build.make:87: cmTC_cda06] Error 1
make[1]: Leaving directory '/home/adblock/adblock-dev/YT-ab-back/utility/tmp/libressl-3.0.2/build/CMakeFiles/CMakeTmp'
make: *** [Makefile:121: cmTC_cda06/fast] Error 2



Determining if the function b64_ntop exists failed with the following output:
Change Dir: /home/adblock/adblock-dev/YT-ab-back/utility/tmp/libressl-3.0.2/build/CMakeFiles/CMakeTmp

Run Build Command(s):/usr/bin/make cmTC_80bc0/fast && /usr/bin/make -f CMakeFiles/cmTC_80bc0.dir/build.make CMakeFiles/cmTC_80bc0.dir/build
make[1]: Entering directory '/home/adblock/adblock-dev/YT-ab-back/utility/tmp/libressl-3.0.2/build/CMakeFiles/CMakeTmp'
Building C object CMakeFiles/cmTC_80bc0.dir/CheckFunctionExists.c.o
/usr/bin/cc   -O2 -Wall -DCHECK_FUNCTION_EXISTS=b64_ntop -fPIE   -o CMakeFiles/cmTC_80bc0.dir/CheckFunctionExists.c.o   -c /usr/share/cmake-3.16/Modules/CheckFunctionExists.c
Linking C executable cmTC_80bc0
/usr/bin/cmake -E cmake_link_script CMakeFiles/cmTC_80bc0.dir/link.txt --verbose=1
/usr/bin/cc  -O2 -Wall -DCHECK_FUNCTION_EXISTS=b64_ntop    -rdynamic CMakeFiles/cmTC_80bc0.dir/CheckFunctionExists.c.o  -o cmTC_80bc0 
/usr/bin/ld: CMakeFiles/cmTC_80bc0.dir/CheckFunctionExists.c.o: in function `main':
CheckFunctionExists.c:(.text.startup+0x10): undefined reference to `b64_ntop'
collect2: error: ld returned 1 exit status
make[1]: *** [CMakeFiles/cmTC_80bc0.dir/build.make:87: cmTC_80bc0] Error 1
make[1]: Leaving directory '/home/adblock/adblock-dev/YT-ab-back/utility/tmp/libressl-3.0.2/build/CMakeFiles/CMakeTmp'
make: *** [Makefile:121: cmTC_80bc0/fast] Error 2



Determining if the function readpassphrase exists failed with the following output:
Change Dir: /home/adblock/adblock-dev/YT-ab-back/utility/tmp/libressl-3.0.2/build/CMakeFiles/CMakeTmp

Run Build Command(s):/usr/bin/make cmTC_34550/fast && /usr/bin/make -f CMakeFiles/cmTC_34550.dir/build.make CMakeFiles/cmTC_34550.dir/build
make[1]: Entering directory '/home/adblock/adblock-dev/YT-ab-back/utility/tmp/libressl-3.0.2/build/CMakeFiles/CMakeTmp'
Building C object CMakeFiles/cmTC_34550.dir/CheckFunctionExists.c.o
/usr/bin/cc   -O2 -Wall -DCHECK_FUNCTION_EXISTS=readpassphrase -fPIE   -o CMakeFiles/cmTC_34550.dir/CheckFunctionExists.c.o   -c /usr/share/cmake-3.16/Modules/CheckFunctionExists.c
Linking C executable cmTC_34550
/usr/bin/cmake -E cmake_link_script CMakeFiles/cmTC_34550.dir/link.txt --verbose=1
/usr/bin/cc  -O2 -Wall -DCHECK_FUNCTION_EXISTS=readpassphrase    -rdynamic CMakeFiles/cmTC_34550.dir/CheckFunctionExists.c.o  -o cmTC_34550 
/usr/bin/ld: CMakeFiles/cmTC_34550.dir/CheckFunctionExists.c.o: in function `main':
CheckFunctionExists.c:(.text.startup+0x10): undefined reference to `readpassphrase'
collect2: error: ld returned 1 exit status
make[1]: *** [CMakeFiles/cmTC_34550.dir/build.make:87: cmTC_34550] Error 1
make[1]: Leaving directory '/home/adblock/adblock-dev/YT-ab-back/utility/tmp/libressl-3.0.2/build/CMakeFiles/CMakeTmp'
make: *** [Makefile:121: cmTC_34550/fast] Error 2



